<?xml version="1.0" encoding="UTF-8"?>
<!-- Generated by org.testng.reporters.JUnitXMLReporter -->
<testsuite ignored="0" hostname="Gauravbhatale" failures="0" tests="8" name="Test" time="21.896" errors="0" timestamp="2026-03-31T10:25:05 IST">
  <testcase classname="BlazeD03.TestClass.Tc1_HomePageTest" name="verifyUrl" time="0.032"/>
  <testcase classname="BlazeD03.TestClass.Tc1_HomePageTest" name="verifyTitle" time="0.009"/>
  <testcase classname="BlazeD03.TestClass.Tc1_HomePageTest" name="validateFindFlight" time="0.925"/>
  <testcase classname="BlazeD03.TestClass.Tc2_ReservePageTest" name="verifyTotalSearch" time="0.039"/>
  <testcase classname="BlazeD03.TestClass.Tc2_ReservePageTest" name="verifyAirlineDetails" time="0.047"/>
  <testcase classname="BlazeD03.TestClass.Tc2_ReservePageTest" name="validateFlightSelection" time="0.793"/>
  <testcase classname="BlazeD03.TestClass.Tc3_PurchasePageTest" name="FirstName" time="1.244"/>
  <testcase classname="BlazeD03.TestClass.Tc4_ConfirmationPageTest" name="conformationtext" time="0.018"/>
</testsuite> <!-- Test -->
