<?xml version="1.0" encoding="UTF-8"?>
<testng-results ignored="0" total="8" passed="8" failed="0" skipped="0">
  <reporter-output>
  </reporter-output>
  <suite started-at="2026-03-31T10:24:43 IST" name="Suite" finished-at="2026-03-31T10:25:05 IST" duration-ms="21896">
    <groups>
    </groups>
    <test started-at="2026-03-31T10:24:43 IST" name="Test" finished-at="2026-03-31T10:25:05 IST" duration-ms="21896">
      <class name="BlazeD03.TestClass.Tc4_ConfirmationPageTest">
        <test-method is-config="true" signature="SetUp()[pri:0, instance:BlazeD03.TestClass.Tc4_ConfirmationPageTest@2eea88a1]" started-at="2026-03-31T10:24:59 IST" name="SetUp" finished-at="2026-03-31T10:25:02 IST" duration-ms="2518" status="PASS">
          <reporter-output>
          </reporter-output>
        </test-method> <!-- SetUp -->
        <test-method is-config="true" signature="setUp()[pri:0, instance:BlazeD03.TestClass.Tc4_ConfirmationPageTest@2eea88a1]" started-at="2026-03-31T10:25:02 IST" name="setUp" finished-at="2026-03-31T10:25:05 IST" duration-ms="3245" status="PASS">
          <reporter-output>
          </reporter-output>
        </test-method> <!-- setUp -->
        <test-method signature="conformationtext()[pri:4, instance:BlazeD03.TestClass.Tc4_ConfirmationPageTest@2eea88a1]" started-at="2026-03-31T10:25:05 IST" name="conformationtext" finished-at="2026-03-31T10:25:05 IST" duration-ms="18" status="PASS">
          <reporter-output>
          </reporter-output>
        </test-method> <!-- conformationtext -->
        <test-method is-config="true" signature="tearDown()[pri:0, instance:BlazeD03.TestClass.Tc4_ConfirmationPageTest@2eea88a1]" started-at="2026-03-31T10:25:05 IST" name="tearDown" finished-at="2026-03-31T10:25:05 IST" duration-ms="164" status="PASS">
          <reporter-output>
          </reporter-output>
        </test-method> <!-- tearDown -->
      </class> <!-- BlazeD03.TestClass.Tc4_ConfirmationPageTest -->
      <class name="BlazeD03.TestClass.Tc1_HomePageTest">
        <test-method is-config="true" signature="SetUp()[pri:0, instance:BlazeD03.TestClass.Tc1_HomePageTest@4ee203eb]" started-at="2026-03-31T10:24:43 IST" name="SetUp" finished-at="2026-03-31T10:24:48 IST" duration-ms="4481" status="PASS">
          <reporter-output>
          </reporter-output>
        </test-method> <!-- SetUp -->
        <test-method signature="verifyUrl()[pri:1, instance:BlazeD03.TestClass.Tc1_HomePageTest@4ee203eb]" started-at="2026-03-31T10:24:48 IST" name="verifyUrl" finished-at="2026-03-31T10:24:48 IST" duration-ms="32" status="PASS">
          <reporter-output>
          </reporter-output>
        </test-method> <!-- verifyUrl -->
        <test-method signature="verifyTitle()[pri:2, instance:BlazeD03.TestClass.Tc1_HomePageTest@4ee203eb]" started-at="2026-03-31T10:24:48 IST" name="verifyTitle" finished-at="2026-03-31T10:24:48 IST" duration-ms="9" status="PASS">
          <reporter-output>
          </reporter-output>
        </test-method> <!-- verifyTitle -->
        <test-method signature="validateFindFlight()[pri:3, instance:BlazeD03.TestClass.Tc1_HomePageTest@4ee203eb]" started-at="2026-03-31T10:24:48 IST" name="validateFindFlight" finished-at="2026-03-31T10:24:49 IST" duration-ms="925" status="PASS">
          <reporter-output>
          </reporter-output>
        </test-method> <!-- validateFindFlight -->
        <test-method is-config="true" signature="tearDown()[pri:0, instance:BlazeD03.TestClass.Tc1_HomePageTest@4ee203eb]" started-at="2026-03-31T10:24:49 IST" name="tearDown" finished-at="2026-03-31T10:24:49 IST" duration-ms="168" status="PASS">
          <reporter-output>
          </reporter-output>
        </test-method> <!-- tearDown -->
      </class> <!-- BlazeD03.TestClass.Tc1_HomePageTest -->
      <class name="BlazeD03.TestClass.Tc2_ReservePageTest">
        <test-method is-config="true" signature="SetUp()[pri:0, instance:BlazeD03.TestClass.Tc2_ReservePageTest@41488b16]" started-at="2026-03-31T10:24:49 IST" name="SetUp" finished-at="2026-03-31T10:24:52 IST" duration-ms="2959" status="PASS">
          <reporter-output>
          </reporter-output>
        </test-method> <!-- SetUp -->
        <test-method is-config="true" signature="pageSetup()[pri:0, instance:BlazeD03.TestClass.Tc2_ReservePageTest@41488b16]" started-at="2026-03-31T10:24:52 IST" name="pageSetup" finished-at="2026-03-31T10:24:53 IST" duration-ms="882" status="PASS">
          <reporter-output>
          </reporter-output>
        </test-method> <!-- pageSetup -->
        <test-method signature="verifyTotalSearch()[pri:1, instance:BlazeD03.TestClass.Tc2_ReservePageTest@41488b16]" started-at="2026-03-31T10:24:53 IST" name="verifyTotalSearch" finished-at="2026-03-31T10:24:53 IST" duration-ms="39" status="PASS">
          <reporter-output>
          </reporter-output>
        </test-method> <!-- verifyTotalSearch -->
        <test-method signature="verifyAirlineDetails()[pri:2, instance:BlazeD03.TestClass.Tc2_ReservePageTest@41488b16]" started-at="2026-03-31T10:24:53 IST" name="verifyAirlineDetails" finished-at="2026-03-31T10:24:53 IST" duration-ms="47" status="PASS">
          <reporter-output>
          </reporter-output>
        </test-method> <!-- verifyAirlineDetails -->
        <test-method signature="validateFlightSelection()[pri:3, instance:BlazeD03.TestClass.Tc2_ReservePageTest@41488b16]" started-at="2026-03-31T10:24:53 IST" name="validateFlightSelection" finished-at="2026-03-31T10:24:54 IST" duration-ms="793" status="PASS">
          <reporter-output>
          </reporter-output>
        </test-method> <!-- validateFlightSelection -->
        <test-method is-config="true" signature="tearDown()[pri:0, instance:BlazeD03.TestClass.Tc2_ReservePageTest@41488b16]" started-at="2026-03-31T10:24:54 IST" name="tearDown" finished-at="2026-03-31T10:24:54 IST" duration-ms="152" status="PASS">
          <reporter-output>
          </reporter-output>
        </test-method> <!-- tearDown -->
      </class> <!-- BlazeD03.TestClass.Tc2_ReservePageTest -->
      <class name="BlazeD03.TestClass.Tc3_PurchasePageTest">
        <test-method is-config="true" signature="SetUp()[pri:0, instance:BlazeD03.TestClass.Tc3_PurchasePageTest@a8ef162]" started-at="2026-03-31T10:24:54 IST" name="SetUp" finished-at="2026-03-31T10:24:56 IST" duration-ms="2339" status="PASS">
          <reporter-output>
          </reporter-output>
        </test-method> <!-- SetUp -->
        <test-method is-config="true" signature="setUp()[pri:0, instance:BlazeD03.TestClass.Tc3_PurchasePageTest@a8ef162]" started-at="2026-03-31T10:24:56 IST" name="setUp" finished-at="2026-03-31T10:24:58 IST" duration-ms="1673" status="PASS">
          <reporter-output>
          </reporter-output>
        </test-method> <!-- setUp -->
        <test-method signature="FirstName()[pri:3, instance:BlazeD03.TestClass.Tc3_PurchasePageTest@a8ef162]" started-at="2026-03-31T10:24:58 IST" name="FirstName" finished-at="2026-03-31T10:24:59 IST" duration-ms="1244" status="PASS">
          <reporter-output>
          </reporter-output>
        </test-method> <!-- FirstName -->
        <test-method is-config="true" signature="tearDown()[pri:0, instance:BlazeD03.TestClass.Tc3_PurchasePageTest@a8ef162]" started-at="2026-03-31T10:24:59 IST" name="tearDown" finished-at="2026-03-31T10:24:59 IST" duration-ms="142" status="PASS">
          <reporter-output>
          </reporter-output>
        </test-method> <!-- tearDown -->
      </class> <!-- BlazeD03.TestClass.Tc3_PurchasePageTest -->
    </test> <!-- Test -->
  </suite> <!-- Suite -->
</testng-results>
