<?xml version="1.0" encoding="UTF-8"?>
<!-- Generated by org.testng.reporters.JUnitReportReporter -->
<testsuite hostname="Gauravbhatale" failures="0" tests="3" name="BlazeD03.TestClass.Tc1_HomePageTest" time="0.847" errors="0" timestamp="2026-03-29T10:48:10 IST" skipped="0">
  <testcase classname="BlazeD03.TestClass.Tc1_HomePageTest" name="verifyUrl" time="0.036"/>
  <testcase classname="BlazeD03.TestClass.Tc1_HomePageTest" name="verifyTitle" time="0.009"/>
  <testcase classname="BlazeD03.TestClass.Tc1_HomePageTest" name="validateFindFlight" time="0.802"/>
</testsuite> <!-- BlazeD03.TestClass.Tc1_HomePageTest -->
