<?xml version="1.0" encoding="UTF-8"?>
<!-- Generated by org.testng.reporters.JUnitReportReporter -->
<testsuite hostname="Gauravbhatale" failures="0" tests="3" name="BlazeD03.TestClass.Tc2_ReservePageTest" time="0.793" errors="0" timestamp="2026-03-29T10:48:10 IST" skipped="0">
  <testcase classname="BlazeD03.TestClass.Tc2_ReservePageTest" name="verifyTotalSearch" time="0.015"/>
  <testcase classname="BlazeD03.TestClass.Tc2_ReservePageTest" name="verifyAirlineDetails" time="0.077"/>
  <testcase classname="BlazeD03.TestClass.Tc2_ReservePageTest" name="validateFlightSelection" time="0.701"/>
</testsuite> <!-- BlazeD03.TestClass.Tc2_ReservePageTest -->
