<?xml version="1.0" encoding="UTF-8"?>
<!-- Generated by org.testng.reporters.JUnitReportReporter -->
<testsuite hostname="Gauravbhatale" failures="0" tests="3" name="BlazeD02.TestClass.Tc1_HomePageTest" time="3.548" errors="0" timestamp="2026-01-16T13:23:36 IST" skipped="0">
  <testcase classname="BlazeD02.TestClass.Tc1_HomePageTest" name="verifyUrl" time="0.084"/>
  <testcase classname="BlazeD02.TestClass.Tc1_HomePageTest" name="verifyTitle" time="0.039"/>
  <testcase classname="BlazeD02.TestClass.Tc1_HomePageTest" name="validateFindFlight" time="3.425"/>
</testsuite> <!-- BlazeD02.TestClass.Tc1_HomePageTest -->
