<?xml version="1.0" encoding="UTF-8"?>
<!-- Generated by org.testng.reporters.JUnitReportReporter -->
<testsuite hostname="Gauravbhatale" failures="0" tests="3" name="BlazeD03.TestClass.Tc2_ReservePageTest" time="0.879" errors="0" timestamp="2026-03-31T10:25:05 IST" skipped="0">
  <testcase classname="BlazeD03.TestClass.Tc2_ReservePageTest" name="verifyTotalSearch" time="0.039"/>
  <testcase classname="BlazeD03.TestClass.Tc2_ReservePageTest" name="verifyAirlineDetails" time="0.047"/>
  <testcase classname="BlazeD03.TestClass.Tc2_ReservePageTest" name="validateFlightSelection" time="0.793"/>
</testsuite> <!-- BlazeD03.TestClass.Tc2_ReservePageTest -->
