<?xml version="1.0" encoding="UTF-8"?>
<!-- Generated by org.testng.reporters.JUnitReportReporter -->
<testsuite hostname="Gauravbhatale" failures="0" tests="3" name="BlazeD02.TestClass.Tc2_ReservePageTest" time="1.701" errors="0" timestamp="2026-01-16T13:23:36 IST" skipped="0">
  <testcase classname="BlazeD02.TestClass.Tc2_ReservePageTest" name="verifyTotalSearch" time="0.055"/>
  <testcase classname="BlazeD02.TestClass.Tc2_ReservePageTest" name="verifyAirlineDetails" time="0.147"/>
  <testcase classname="BlazeD02.TestClass.Tc2_ReservePageTest" name="validateFlightSelection" time="1.499"/>
</testsuite> <!-- BlazeD02.TestClass.Tc2_ReservePageTest -->
